<?xml version="1.0" encoding="UTF-8"?>
<!-- Generated by org.testng.reporters.JUnitReportReporter -->
<testsuite hostname="DESKTOP-VLVG783" failures="0" tests="1" name="com.companyname.scripts.Login" time="32.943" errors="0" timestamp="15 May 2020 01:13:52 GMT" skipped="0">
  <testcase classname="com.companyname.scripts.Login" name="testLogin" time="32.943"/>
</testsuite> <!-- com.companyname.scripts.Login -->
